#-----------------------------------------------------------
# Vivado v2019.1 (64-bit)
# SW Build 2552052 on Fri May 24 14:49:42 MDT 2019
# IP Build 2548770 on Fri May 24 18:01:18 MDT 2019
# Start of session at: Fri May  6 07:30:03 2022
# Process ID: 2656
# Current directory: C:/Users/neli4/OneDrive/Desktop/ECE3000sp22/final_projecrt
# Command line: vivado.exe -gui_launcher_event rodinguilauncherevent1640 C:\Users\neli4\OneDrive\Desktop\ECE3000sp22\final_projecrt\final_projecrt.xpr
# Log file: C:/Users/neli4/OneDrive/Desktop/ECE3000sp22/final_projecrt/vivado.log
# Journal file: C:/Users/neli4/OneDrive/Desktop/ECE3000sp22/final_projecrt\vivado.jou
#-----------------------------------------------------------
start_gui
open_project C:/Users/neli4/OneDrive/Desktop/ECE3000sp22/final_projecrt/final_projecrt.xpr
Scanning sources...
Finished scanning sources
INFO: [IP_Flow 19-234] Refreshing IP repositories
INFO: [IP_Flow 19-1704] No user IP repositories specified
INFO: [IP_Flow 19-2313] Loaded Vivado IP repository 'C:/Xilinx/Vivado/2019.1/data/ip'.
open_project: Time (s): cpu = 00:00:19 ; elapsed = 00:00:08 . Memory (MB): peak = 672.121 ; gain = 52.336
update_compile_order -fileset sources_1
